2025-12-28 17:10:02,062 - INFO - Attempting to disable screen blanking via xset...
2025-12-28 17:10:02,063 - WARNING - Could not disable screen blanking via xset: [WinError 2] The system cannot find the file specified
2025-12-28 17:10:02,277 - DEBUG - Starting new HTTP connection (1): api.openweathermap.org:80
2025-12-28 17:10:02,337 - DEBUG - http://api.openweathermap.org:80 "GET /data/2.5/forecast?zip=46121,us&appid=9242eed6345a4949d925fce09833f6ef&units=imperial HTTP/1.1" 200 15971
2025-12-28 17:10:02,362 - INFO - {
    "cod": "200",
    "message": 0,
    "cnt": 40,
    "list": [
        {
            "dt": 1766966400,
            "main": {
                "temp": 63.32,
                "feels_like": 63.63,
                "temp_min": 63.32,
                "temp_max": 64.94,
                "pressure": 999,
                "sea_level": 999,
                "grnd_level": 968,
                "humidity": 91,
                "temp_kf": -0.9
            },
            "weather": [
                {
                    "id": 500,
                    "main": "Rain",
                    "description": "light rain",
                    "icon": "10n"
                }
            ],
            "clouds": {
                "all": 100
            },
            "wind": {
                "speed": 27.34,
                "deg": 206,
                "gust": 47.92
            },
            "visibility": 10000,
            "pop": 1,
            "rain": {
                "3h": 0.47
            },
            "sys": {
                "pod": "n"
            },
            "dt_txt": "2025-12-29 00:00:00"
        },
        {
            "dt": 1766977200,
            "main": {
                "temp": 52.45,
                "feels_like": 51.3,
                "temp_min": 47.41,
                "temp_max": 52.45,
                "pressure": 1003,
                "sea_level": 1003,
                "grnd_level": 974,
                "humidity": 83,
                "temp_kf": 2.8
            },
            "weather": [
                {
                    "id": 500,
                    "main": "Rain",
                    "description": "light rain",
                    "icon": "10n"
                }
            ],
            "clouds": {
                "all": 100
            },
            "wind": {
                "speed": 25.26,
                "deg": 271,
                "gust": 44.09
            },
            "visibility": 10000,
            "pop": 1,
            "rain": {
                "3h": 2.85
            },
            "sys": {
                "pod": "n"
            },
            "dt_txt": "2025-12-29 03:00:00"
        },
        {
            "dt": 1766988000,
            "main": {
                "temp": 30.54,
                "feels_like": 17.94,
                "temp_min": 30.54,
                "temp_max": 30.54,
                "pressure": 1008,
                "sea_level": 1008,
                "grnd_level": 976,
                "humidity": 71,
                "temp_kf": 0
            },
            "weather": [
                {
                    "id": 804,
                    "main": "Clouds",
                    "description": "overcast clouds",
                    "icon": "04n"
                }
            ],
            "clouds": {
                "all": 99
            },
            "wind": {
                "speed": 25.14,
                "deg": 271,
                "gust": 44.4
            },
            "visibility": 10000,
            "pop": 0.8,
            "sys": {
                "pod": "n"
            },
            "dt_txt": "2025-12-29 06:00:00"
        },
        {
            "dt": 1766998800,
            "main": {
                "temp": 24.46,
                "feels_like": 11.86,
                "temp_min": 24.46,
                "temp_max": 24.46,
                "pressure": 1011,
                "sea_level": 1011,
                "grnd_level": 978,
                "humidity": 67,
                "temp_kf": 0
            },
            "weather": [
                {
                    "id": 804,
                    "main": "Clouds",
                    "description": "overcast clouds",
                    "icon": "04n"
                }
            ],
            "clouds": {
                "all": 100
            },
            "wind": {
                "speed": 26.26,
                "deg": 269,
                "gust": 43.02
            },
            "visibility": 10000,
            "pop": 0,
            "sys": {
                "pod": "n"
            },
            "dt_txt": "2025-12-29 09:00:00"
        },
        {
            "dt": 1767009600,
            "main": {
                "temp": 21.78,
                "feels_like": 9.18,
                "temp_min": 21.78,
                "temp_max": 21.78,
                "pressure": 1013,
                "sea_level": 1013,
                "grnd_level": 980,
                "humidity": 63,
                "temp_kf": 0
            },
            "weather": [
                {
                    "id": 804,
                    "main": "Clouds",
                    "description": "overcast clouds",
                    "icon": "04n"
                }
            ],
            "clouds": {
                "all": 100
            },
            "wind": {
                "speed": 26.55,
                "deg": 269,
                "gust": 43.24
            },
            "visibility": 10000,
            "pop": 0,
            "sys": {
                "pod": "n"
            },
            "dt_txt": "2025-12-29 12:00:00"
        },
        {
            "dt": 1767020400,
            "main": {
                "temp": 20.16,
                "feels_like": 7.56,
                "temp_min": 20.16,
                "temp_max": 20.16,
                "pressure": 1017,
                "sea_level": 1017,
                "grnd_level": 983,
                "humidity": 65,
                "temp_kf": 0
            },
            "weather": [
                {
                    "id": 804,
                    "main": "Clouds",
                    "description": "overcast clouds",
                    "icon": "04d"
                }
            ],
            "clouds": {
                "all": 100
            },
            "wind": {
                "speed": 24.65,
                "deg": 281,
                "gust": 39.55
            },
            "visibility": 10000,
            "pop": 0,
            "sys": {
                "pod": "d"
            },
            "dt_txt": "2025-12-29 15:00:00"
        },
        {
            "dt": 1767031200,
            "main": {
                "temp": 25.2,
                "feels_like": 12.6,
                "temp_min": 25.2,
                "temp_max": 25.2,
                "pressure": 1017,
                "sea_level": 1017,
                "grnd_level": 984,
                "humidity": 55,
                "temp_kf": 0
            },
            "weather": [
                {
                    "id": 804,
                    "main": "Clouds",
                    "description": "overcast clouds",
                    "icon": "04d"
                }
            ],
            "clouds": {
                "all": 100
            },
            "wind": {
                "speed": 23.98,
                "deg": 293,
                "gust": 32.19
            },
            "visibility": 10000,
            "pop": 0,
            "sys": {
                "pod": "d"
            },
            "dt_txt": "2025-12-29 18:00:00"
        },
        {
            "dt": 1767042000,
            "main": {
                "temp": 26.83,
                "feels_like": 14.23,
                "temp_min": 26.83,
                "temp_max": 26.83,
                "pressure": 1019,
                "sea_level": 1019,
                "grnd_level": 986,
                "humidity": 53,
                "temp_kf": 0
            },
            "weather": [
                {
                    "id": 804,
                    "main": "Clouds",
                    "description": "overcast clouds",
                    "icon": "04d"
                }
            ],
            "clouds": {
                "all": 100
            },
            "wind": {
                "speed": 20.24,
                "deg": 297,
                "gust": 30.44
            },
            "visibility": 10000,
            "pop": 0,
            "sys": {
                "pod": "d"
            },
            "dt_txt": "2025-12-29 21:00:00"
        },
        {
            "dt": 1767052800,
            "main": {
                "temp": 21.67,
                "feels_like": 9.07,
                "temp_min": 21.67,
                "temp_max": 21.67,
                "pressure": 1023,
                "sea_level": 1023,
                "grnd_level": 989,
                "humidity": 62,
                "temp_kf": 0
            },
            "weather": [
                {
                    "id": 803,
                    "main": "Clouds",
                    "description": "broken clouds",
                    "icon": "04n"
                }
            ],
            "clouds": {
                "all": 82
            },
            "wind": {
                "speed": 18.45,
                "deg": 301,
                "gust": 30.69
            },
            "visibility": 10000,
            "pop": 0,
            "sys": {
                "pod": "n"
            },
            "dt_txt": "2025-12-30 00:00:00"
        },
        {
            "dt": 1767063600,
            "main": {
                "temp": 19.22,
                "feels_like": 6.62,
                "temp_min": 19.22,
                "temp_max": 19.22,
                "pressure": 1024,
                "sea_level": 1024,
                "grnd_level": 990,
                "humidity": 66,
                "temp_kf": 0
            },
            "weather": [
                {
                    "id": 802,
                    "main": "Clouds",
                    "description": "scattered clouds",
                    "icon": "03n"
                }
            ],
            "clouds": {
                "all": 46
            },
            "wind": {
                "speed": 15.99,
                "deg": 309,
                "gust": 28.3
            },
            "visibility": 10000,
            "pop": 0,
            "sys": {
                "pod": "n"
            },
            "dt_txt": "2025-12-30 03:00:00"
        },
        {
            "dt": 1767074400,
            "main": {
                "temp": 17.47,
                "feels_like": 4.87,
                "temp_min": 17.47,
                "temp_max": 17.47,
                "pressure": 1025,
                "sea_level": 1025,
                "grnd_level": 991,
                "humidity": 70,
                "temp_kf": 0
            },
            "weather": [
                {
                    "id": 802,
                    "main": "Clouds",
                    "description": "scattered clouds",
                    "icon": "03n"
                }
            ],
            "clouds": {
                "all": 49
            },
            "wind": {
                "speed": 13.15,
                "deg": 307,
                "gust": 24.25
            },
            "visibility": 10000,
            "pop": 0,
            "sys": {
                "pod": "n"
            },
            "dt_txt": "2025-12-30 06:00:00"
        },
        {
            "dt": 1767085200,
            "main": {
                "temp": 16.59,
                "feels_like": 3.99,
                "temp_min": 16.59,
                "temp_max": 16.59,
                "pressure": 1026,
                "sea_level": 1026,
                "grnd_level": 992,
                "humidity": 71,
                "temp_kf": 0
            },
            "weather": [
                {
                    "id": 802,
                    "main": "Clouds",
                    "description": "scattered clouds",
                    "icon": "03n"
                }
            ],
            "clouds": {
                "all": 41
            },
            "wind": {
                "speed": 11.65,
                "deg": 297,
                "gust": 21.81
            },
            "visibility": 10000,
            "pop": 0,
            "sys": {
                "pod": "n"
            },
            "dt_txt": "2025-12-30 09:00:00"
        },
        {
            "dt": 1767096000,
            "main": {
                "temp": 15.87,
                "feels_like": 3.27,
                "temp_min": 15.87,
                "temp_max": 15.87,
                "pressure": 1027,
                "sea_level": 1027,
                "grnd_level": 993,
                "humidity": 69,
                "temp_kf": 0
            },
            "weather": [
                {
                    "id": 801,
                    "main": "Clouds",
                    "description": "few clouds",
                    "icon": "02n"
                }
            ],
            "clouds": {
                "all": 24
            },
            "wind": {
                "speed": 12.01,
                "deg": 295,
                "gust": 23.94
            },
            "visibility": 10000,
            "pop": 0,
            "sys": {
                "pod": "n"
            },
            "dt_txt": "2025-12-30 12:00:00"
        },
        {
            "dt": 1767106800,
            "main": {
                "temp": 18.72,
                "feels_like": 6.12,
                "temp_min": 18.72,
                "temp_max": 18.72,
                "pressure": 1027,
                "sea_level": 1027,
                "grnd_level": 993,
                "humidity": 55,
                "temp_kf": 0
            },
            "weather": [
                {
                    "id": 800,
                    "main": "Clear",
                    "description": "clear sky",
                    "icon": "01d"
                }
            ],
            "clouds": {
                "all": 6
            },
            "wind": {
                "speed": 12.28,
                "deg": 288,
                "gust": 17.78
            },
            "visibility": 10000,
            "pop": 0,
            "sys": {
                "pod": "d"
            },
            "dt_txt": "2025-12-30 15:00:00"
        },
        {
            "dt": 1767117600,
            "main": {
                "temp": 26.13,
                "feels_like": 14.68,
                "temp_min": 26.13,
                "temp_max": 26.13,
                "pressure": 1024,
                "sea_level": 1024,
                "grnd_level": 991,
                "humidity": 36,
                "temp_kf": 0
            },
            "weather": [
                {
                    "id": 801,
                    "main": "Clouds",
                    "description": "few clouds",
                    "icon": "02d"
                }
            ],
            "clouds": {
                "all": 20
            },
            "wind": {
                "speed": 13.56,
                "deg": 281,
                "gust": 18.1
            },
            "visibility": 10000,
            "pop": 0,
            "sys": {
                "pod": "d"
            },
            "dt_txt": "2025-12-30 18:00:00"
        },
        {
            "dt": 1767128400,
            "main": {
                "temp": 27.86,
                "feels_like": 16.81,
                "temp_min": 27.86,
                "temp_max": 27.86,
                "pressure": 1022,
                "sea_level": 1022,
                "grnd_level": 989,
                "humidity": 35,
                "temp_kf": 0
            },
            "weather": [
                {
                    "id": 804,
                    "main": "Clouds",
                    "description": "overcast clouds",
                    "icon": "04d"
                }
            ],
            "clouds": {
                "all": 97
            },
            "wind": {
                "speed": 13.71,
                "deg": 267,
                "gust": 21.7
            },
            "visibility": 10000,
            "pop": 0,
            "sys": {
                "pod": "d"
            },
            "dt_txt": "2025-12-30 21:00:00"
        },
        {
            "dt": 1767139200,
            "main": {
                "temp": 26.85,
                "feels_like": 16.09,
                "temp_min": 26.85,
                "temp_max": 26.85,
                "pressure": 1020,
                "sea_level": 1020,
                "grnd_level": 987,
                "humidity": 41,
                "temp_kf": 0
            },
            "weather": [
                {
                    "id": 804,
                    "main": "Clouds",
                    "description": "overcast clouds",
                    "icon": "04n"
                }
            ],
            "clouds": {
                "all": 99
            },
            "wind": {
                "speed": 12.48,
                "deg": 252,
                "gust": 27.34
            },
            "visibility": 10000,
            "pop": 0,
            "sys": {
                "pod": "n"
            },
            "dt_txt": "2025-12-31 00:00:00"
        },
        {
            "dt": 1767150000,
            "main": {
                "temp": 26.35,
                "feels_like": 14.5,
                "temp_min": 26.35,
                "temp_max": 26.35,
                "pressure": 1018,
                "sea_level": 1018,
                "grnd_level": 985,
                "humidity": 47,
                "temp_kf": 0
            },
            "weather": [
                {
                    "id": 803,
                    "main": "Clouds",
                    "description": "broken clouds",
                    "icon": "04n"
                }
            ],
            "clouds": {
                "all": 76
            },
            "wind": {
                "speed": 14.61,
                "deg": 241,
                "gust": 34.65
            },
            "visibility": 10000,
            "pop": 0,
            "sys": {
                "pod": "n"
            },
            "dt_txt": "2025-12-31 03:00:00"
        },
        {
            "dt": 1767160800,
            "main": {
                "temp": 26.08,
                "feels_like": 13.75,
                "temp_min": 26.08,
                "temp_max": 26.08,
                "pressure": 1015,
                "sea_level": 1015,
                "grnd_level": 982,
                "humidity": 51,
                "temp_kf": 0
            },
            "weather": [
                {
                    "id": 803,
                    "main": "Clouds",
                    "description": "broken clouds",
                    "icon": "04n"
                }
            ],
            "clouds": {
                "all": 72
            },
            "wind": {
                "speed": 15.66,
                "deg": 242,
                "gust": 35.86
            },
            "visibility": 10000,
            "pop": 0,
            "sys": {
                "pod": "n"
            },
            "dt_txt": "2025-12-31 06:00:00"
        },
        {
            "dt": 1767171600,
            "main": {
                "temp": 26.11,
                "feels_like": 15.12,
                "temp_min": 26.11,
                "temp_max": 26.11,
                "pressure": 1014,
                "sea_level": 1014,
                "grnd_level": 982,
                "humidity": 58,
                "temp_kf": 0
            },
            "weather": [
                {
                    "id": 801,
                    "main": "Clouds",
                    "description": "few clouds",
                    "icon": "02n"
                }
            ],
            "clouds": {
                "all": 15
            },
            "wind": {
                "speed": 12.55,
                "deg": 257,
                "gust": 27.45
            },
            "visibility": 10000,
            "pop": 0,
            "sys": {
                "pod": "n"
            },
            "dt_txt": "2025-12-31 09:00:00"
        },
        {
            "dt": 1767182400,
            "main": {
                "temp": 25.12,
                "feels_like": 14.76,
                "temp_min": 25.12,
                "temp_max": 25.12,
                "pressure": 1015,
                "sea_level": 1015,
                "grnd_level": 982,
                "humidity": 69,
                "temp_kf": 0
            },
            "weather": [
                {
                    "id": 803,
                    "main": "Clouds",
                    "description": "broken clouds",
                    "icon": "04n"
                }
            ],
            "clouds": {
                "all": 51
            },
            "wind": {
                "speed": 10.8,
                "deg": 269,
                "gust": 22.64
            },
            "visibility": 10000,
            "pop": 0,
            "sys": {
                "pod": "n"
            },
            "dt_txt": "2025-12-31 12:00:00"
        },
        {
            "dt": 1767193200,
            "main": {
                "temp": 28.02,
                "feels_like": 16.93,
                "temp_min": 28.02,
                "temp_max": 28.02,
                "pressure": 1015,
                "sea_level": 1015,
                "grnd_level": 982,
                "humidity": 78,
                "temp_kf": 0
            },
            "weather": [
                {
                    "id": 803,
                    "main": "Clouds",
                    "description": "broken clouds",
                    "icon": "04d"
                }
            ],
            "clouds": {
                "all": 83
            },
            "wind": {
                "speed": 13.91,
                "deg": 271,
                "gust": 28.61
            },
            "visibility": 10000,
            "pop": 0,
            "sys": {
                "pod": "d"
            },
            "dt_txt": "2025-12-31 15:00:00"
        },
        {
            "dt": 1767204000,
            "main": {
                "temp": 32.63,
                "feels_like": 21.54,
                "temp_min": 32.63,
                "temp_max": 32.63,
                "pressure": 1014,
                "sea_level": 1014,
                "grnd_level": 981,
                "humidity": 62,
                "temp_kf": 0
            },
            "weather": [
                {
                    "id": 804,
                    "main": "Clouds",
                    "description": "overcast clouds",
                    "icon": "04d"
                }
            ],
            "clouds": {
                "all": 92
            },
            "wind": {
                "speed": 17.56,
                "deg": 288,
                "gust": 25.37
            },
            "visibility": 10000,
            "pop": 0,
            "sys": {
                "pod": "d"
            },
            "dt_txt": "2025-12-31 18:00:00"
        },
        {
            "dt": 1767214800,
            "main": {
                "temp": 30.52,
                "feels_like": 19.27,
                "temp_min": 30.52,
                "temp_max": 30.52,
                "pressure": 1015,
                "sea_level": 1015,
                "grnd_level": 982,
                "humidity": 55,
                "temp_kf": 0
            },
            "weather": [
                {
                    "id": 804,
                    "main": "Clouds",
                    "description": "overcast clouds",
                    "icon": "04d"
                }
            ],
            "clouds": {
                "all": 100
            },
            "wind": {
                "speed": 16.15,
                "deg": 305,
                "gust": 26.53
            },
            "visibility": 10000,
            "pop": 0,
            "sys": {
                "pod": "d"
            },
            "dt_txt": "2025-12-31 21:00:00"
        },
        {
            "dt": 1767225600,
            "main": {
                "temp": 23.13,
                "feels_like": 11.48,
                "temp_min": 23.13,
                "temp_max": 23.13,
                "pressure": 1018,
                "sea_level": 1018,
                "grnd_level": 985,
                "humidity": 91,
                "temp_kf": 0
            },
            "weather": [
                {
                    "id": 600,
                    "main": "Snow",
                    "description": "light snow",
                    "icon": "13n"
                }
            ],
            "clouds": {
                "all": 100
            },
            "wind": {
                "speed": 12.28,
                "deg": 314,
                "gust": 22.79
            },
            "pop": 0.2,
            "snow": {
                "3h": 0.27
            },
            "sys": {
                "pod": "n"
            },
            "dt_txt": "2026-01-01 00:00:00"
        },
        {
            "dt": 1767236400,
            "main": {
                "temp": 21.25,
                "feels_like": 9.97,
                "temp_min": 21.25,
                "temp_max": 21.25,
                "pressure": 1018,
                "sea_level": 1018,
                "grnd_level": 985,
                "humidity": 82,
                "temp_kf": 0
            },
            "weather": [
                {
                    "id": 600,
                    "main": "Snow",
                    "description": "light snow",
                    "icon": "13n"
                }
            ],
            "clouds": {
                "all": 100
            },
            "wind": {
                "speed": 10.74,
                "deg": 318,
                "gust": 19.01
            },
            "visibility": 10000,
            "pop": 0.34,
            "snow": {
                "3h": 0.23
            },
            "sys": {
                "pod": "n"
            },
            "dt_txt": "2026-01-01 03:00:00"
        },
        {
            "dt": 1767247200,
            "main": {
                "temp": 19.85,
                "feels_like": 9.21,
                "temp_min": 19.85,
                "temp_max": 19.85,
                "pressure": 1018,
                "sea_level": 1018,
                "grnd_level": 985,
                "humidity": 74,
                "temp_kf": 0
            },
            "weather": [
                {
                    "id": 804,
                    "main": "Clouds",
                    "description": "overcast clouds",
                    "icon": "04n"
                }
            ],
            "clouds": {
                "all": 100
            },
            "wind": {
                "speed": 9.17,
                "deg": 310,
                "gust": 16.26
            },
            "visibility": 10000,
            "pop": 0,
            "sys": {
                "pod": "n"
            },
            "dt_txt": "2026-01-01 06:00:00"
        },
        {
            "dt": 1767258000,
            "main": {
                "temp": 19.38,
                "feels_like": 8.35,
                "temp_min": 19.38,
                "temp_max": 19.38,
                "pressure": 1019,
                "sea_level": 1019,
                "grnd_level": 985,
                "humidity": 58,
                "temp_kf": 0
            },
            "weather": [
                {
                    "id": 804,
                    "main": "Clouds",
                    "description": "overcast clouds",
                    "icon": "04n"
                }
            ],
            "clouds": {
                "all": 100
            },
            "wind": {
                "speed": 9.6,
                "deg": 310,
                "gust": 15.66
            },
            "visibility": 10000,
            "pop": 0,
            "sys": {
                "pod": "n"
            },
            "dt_txt": "2026-01-01 09:00:00"
        },
        {
            "dt": 1767268800,
            "main": {
                "temp": 18.93,
                "feels_like": 7.81,
                "temp_min": 18.93,
                "temp_max": 18.93,
                "pressure": 1019,
                "sea_level": 1019,
                "grnd_level": 985,
                "humidity": 53,
                "temp_kf": 0
            },
            "weather": [
                {
                    "id": 804,
                    "main": "Clouds",
                    "description": "overcast clouds",
                    "icon": "04n"
                }
            ],
            "clouds": {
                "all": 100
            },
            "wind": {
                "speed": 9.57,
                "deg": 303,
                "gust": 14.81
            },
            "visibility": 10000,
            "pop": 0,
            "sys": {
                "pod": "n"
            },
            "dt_txt": "2026-01-01 12:00:00"
        },
        {
            "dt": 1767279600,
            "main": {
                "temp": 20.26,
                "feels_like": 8.87,
                "temp_min": 20.26,
                "temp_max": 20.26,
                "pressure": 1019,
                "sea_level": 1019,
                "grnd_level": 986,
                "humidity": 45,
                "temp_kf": 0
            },
            "weather": [
                {
                    "id": 804,
                    "main": "Clouds",
                    "description": "overcast clouds",
                    "icon": "04d"
                }
            ],
            "clouds": {
                "all": 100
            },
            "wind": {
                "speed": 10.51,
                "deg": 299,
                "gust": 15.01
            },
            "visibility": 10000,
            "pop": 0,
            "sys": {
                "pod": "d"
            },
            "dt_txt": "2026-01-01 15:00:00"
        },
        {
            "dt": 1767290400,
            "main": {
                "temp": 23.97,
                "feels_like": 12.56,
                "temp_min": 23.97,
                "temp_max": 23.97,
                "pressure": 1017,
                "sea_level": 1017,
                "grnd_level": 984,
                "humidity": 36,
                "temp_kf": 0
            },
            "weather": [
                {
                    "id": 804,
                    "main": "Clouds",
                    "description": "overcast clouds",
                    "icon": "04d"
                }
            ],
            "clouds": {
                "all": 100
            },
            "wind": {
                "speed": 12.24,
                "deg": 289,
                "gust": 16.04
            },
            "visibility": 10000,
            "pop": 0,
            "sys": {
                "pod": "d"
            },
            "dt_txt": "2026-01-01 18:00:00"
        },
        {
            "dt": 1767301200,
            "main": {
                "temp": 24.33,
                "feels_like": 13.15,
                "temp_min": 24.33,
                "temp_max": 24.33,
                "pressure": 1015,
                "sea_level": 1015,
                "grnd_level": 982,
                "humidity": 47,
                "temp_kf": 0
            },
            "weather": [
                {
                    "id": 804,
                    "main": "Clouds",
                    "description": "overcast clouds",
                    "icon": "04d"
                }
            ],
            "clouds": {
                "all": 86
            },
            "wind": {
                "speed": 11.97,
                "deg": 289,
                "gust": 15.97
            },
            "visibility": 10000,
            "pop": 0,
            "sys": {
                "pod": "d"
            },
            "dt_txt": "2026-01-01 21:00:00"
        },
        {
            "dt": 1767312000,
            "main": {
                "temp": 21.6,
                "feels_like": 11.1,
                "temp_min": 21.6,
                "temp_max": 21.6,
                "pressure": 1016,
                "sea_level": 1016,
                "grnd_level": 983,
                "humidity": 62,
                "temp_kf": 0
            },
            "weather": [
                {
                    "id": 804,
                    "main": "Clouds",
                    "description": "overcast clouds",
                    "icon": "04n"
                }
            ],
            "clouds": {
                "all": 90
            },
            "wind": {
                "speed": 9.57,
                "deg": 297,
                "gust": 19.17
            },
            "visibility": 10000,
            "pop": 0,
            "sys": {
                "pod": "n"
            },
            "dt_txt": "2026-01-02 00:00:00"
        },
        {
            "dt": 1767322800,
            "main": {
                "temp": 19.65,
                "feels_like": 10.62,
                "temp_min": 19.65,
                "temp_max": 19.65,
                "pressure": 1015,
                "sea_level": 1015,
                "grnd_level": 982,
                "humidity": 69,
                "temp_kf": 0
            },
            "weather": [
                {
                    "id": 803,
                    "main": "Clouds",
                    "description": "broken clouds",
                    "icon": "04n"
                }
            ],
            "clouds": {
                "all": 54
            },
            "wind": {
                "speed": 7,
                "deg": 281,
                "gust": 17.9
            },
            "visibility": 10000,
            "pop": 0,
            "sys": {
                "pod": "n"
            },
            "dt_txt": "2026-01-02 03:00:00"
        },
        {
            "dt": 1767333600,
            "main": {
                "temp": 18.64,
                "feels_like": 7.81,
                "temp_min": 18.64,
                "temp_max": 18.64,
                "pressure": 1014,
                "sea_level": 1014,
                "grnd_level": 981,
                "humidity": 70,
                "temp_kf": 0
            },
            "weather": [
                {
                    "id": 802,
                    "main": "Clouds",
                    "description": "scattered clouds",
                    "icon": "03n"
                }
            ],
            "clouds": {
                "all": 44
            },
            "wind": {
                "speed": 9.06,
                "deg": 288,
                "gust": 21.59
            },
            "visibility": 10000,
            "pop": 0,
            "sys": {
                "pod": "n"
            },
            "dt_txt": "2026-01-02 06:00:00"
        },
        {
            "dt": 1767344400,
            "main": {
                "temp": 17.01,
                "feels_like": 5.02,
                "temp_min": 17.01,
                "temp_max": 17.01,
                "pressure": 1015,
                "sea_level": 1015,
                "grnd_level": 981,
                "humidity": 63,
                "temp_kf": 0
            },
            "weather": [
                {
                    "id": 801,
                    "main": "Clouds",
                    "description": "few clouds",
                    "icon": "02n"
                }
            ],
            "clouds": {
                "all": 13
            },
            "wind": {
                "speed": 10.2,
                "deg": 300,
                "gust": 23.87
            },
            "visibility": 10000,
            "pop": 0,
            "sys": {
                "pod": "n"
            },
            "dt_txt": "2026-01-02 09:00:00"
        },
        {
            "dt": 1767355200,
            "main": {
                "temp": 14.9,
                "feels_like": 3.38,
                "temp_min": 14.9,
                "temp_max": 14.9,
                "pressure": 1015,
                "sea_level": 1015,
                "grnd_level": 981,
                "humidity": 61,
                "temp_kf": 0
            },
            "weather": [
                {
                    "id": 801,
                    "main": "Clouds",
                    "description": "few clouds",
                    "icon": "02n"
                }
            ],
            "clouds": {
                "all": 18
            },
            "wind": {
                "speed": 8.81,
                "deg": 297,
                "gust": 21.77
            },
            "visibility": 10000,
            "pop": 0,
            "sys": {
                "pod": "n"
            },
            "dt_txt": "2026-01-02 12:00:00"
        },
        {
            "dt": 1767366000,
            "main": {
                "temp": 16.56,
                "feels_like": 3.96,
                "temp_min": 16.56,
                "temp_max": 16.56,
                "pressure": 1016,
                "sea_level": 1016,
                "grnd_level": 982,
                "humidity": 48,
                "temp_kf": 0
            },
            "weather": [
                {
                    "id": 804,
                    "main": "Clouds",
                    "description": "overcast clouds",
                    "icon": "04d"
                }
            ],
            "clouds": {
                "all": 96
            },
            "wind": {
                "speed": 11.56,
                "deg": 293,
                "gust": 19.33
            },
            "visibility": 10000,
            "pop": 0,
            "sys": {
                "pod": "d"
            },
            "dt_txt": "2026-01-02 15:00:00"
        },
        {
            "dt": 1767376800,
            "main": {
                "temp": 22.14,
                "feels_like": 9.72,
                "temp_min": 22.14,
                "temp_max": 22.14,
                "pressure": 1014,
                "sea_level": 1014,
                "grnd_level": 981,
                "humidity": 31,
                "temp_kf": 0
            },
            "weather": [
                {
                    "id": 804,
                    "main": "Clouds",
                    "description": "overcast clouds",
                    "icon": "04d"
                }
            ],
            "clouds": {
                "all": 95
            },
            "wind": {
                "speed": 13.33,
                "deg": 295,
                "gust": 19.19
            },
            "visibility": 10000,
            "pop": 0,
            "sys": {
                "pod": "d"
            },
            "dt_txt": "2026-01-02 18:00:00"
        },
        {
            "dt": 1767387600,
            "main": {
                "temp": 23.43,
                "feels_like": 11.48,
                "temp_min": 23.43,
                "temp_max": 23.43,
                "pressure": 1014,
                "sea_level": 1014,
                "grnd_level": 981,
                "humidity": 27,
                "temp_kf": 0
            },
            "weather": [
                {
                    "id": 804,
                    "main": "Clouds",
                    "description": "overcast clouds",
                    "icon": "04d"
                }
            ],
            "clouds": {
                "all": 95
            },
            "wind": {
                "speed": 13.09,
                "deg": 297,
                "gust": 18.9
            },
            "visibility": 10000,
            "pop": 0,
            "sys": {
                "pod": "d"
            },
            "dt_txt": "2026-01-02 21:00:00"
        }
    ],
    "city": {
        "id": 0,
        "name": "Coatesville",
        "coord": {
            "lat": 39.6878,
            "lon": -86.6703
        },
        "country": "US",
        "population": 0,
        "timezone": -18000,
        "sunrise": 1766927210,
        "sunset": 1766960979
    }
}
2025-12-28 17:10:02,369 - DEBUG - STREAM b'IHDR' 16 13
2025-12-28 17:10:02,369 - DEBUG - STREAM b'pHYs' 41 9
2025-12-28 17:10:02,369 - DEBUG - STREAM b'iTXt' 62 14378
2025-12-28 17:10:02,369 - DEBUG - STREAM b'cHRM' 14452 32
2025-12-28 17:10:02,369 - DEBUG - STREAM b'IDAT' 14496 2304
2025-12-28 17:10:02,375 - DEBUG - STREAM b'IHDR' 16 13
2025-12-28 17:10:02,375 - DEBUG - STREAM b'IDAT' 41 2527
2025-12-28 17:10:02,376 - DEBUG - STREAM b'IHDR' 16 13
2025-12-28 17:10:02,376 - DEBUG - STREAM b'IDAT' 41 1812
2025-12-28 17:10:02,377 - DEBUG - STREAM b'IHDR' 16 13
2025-12-28 17:10:02,377 - DEBUG - STREAM b'IDAT' 41 1646
